<?xml version="1.0" encoding="UTF-8"?>
<testng-results skipped="0" failed="0" ignored="0" total="1" passed="1">
  <reporter-output>
  </reporter-output>
  <suite name="Surefire suite" duration-ms="38329" started-at="2022-01-11T22:20:29 IST" finished-at="2022-01-11T22:21:07 IST">
    <groups>
      <group name="cucumber">
        <method signature="AbstractTestNGCucumberTests.runScenario(io.cucumber.testng.PickleWrapper,io.cucumber.testng.FeatureWrapper)[pri:0, instance:Runners.TestRunner@31610302]" name="runScenario" class="io.cucumber.testng.AbstractTestNGCucumberTests"/>
      </group> <!-- cucumber -->
    </groups>
    <test name="Surefire test" duration-ms="38329" started-at="2022-01-11T22:20:29 IST" finished-at="2022-01-11T22:21:07 IST">
      <class name="Runners.TestRunner">
        <test-method status="PASS" signature="beforeSuite()[pri:0, instance:Runners.TestRunner@31610302]" name="beforeSuite" is-config="true" duration-ms="6" started-at="2022-01-11T22:20:29 IST" finished-at="2022-01-11T22:20:29 IST">
          <reporter-output>
          </reporter-output>
        </test-method> <!-- beforeSuite -->
        <test-method status="PASS" signature="setUpClass()[pri:0, instance:Runners.TestRunner@31610302]" name="setUpClass" is-config="true" duration-ms="482" started-at="2022-01-11T22:20:29 IST" finished-at="2022-01-11T22:20:29 IST">
          <reporter-output>
          </reporter-output>
        </test-method> <!-- setUpClass -->
        <test-method status="PASS" signature="runScenario(io.cucumber.testng.PickleWrapper,io.cucumber.testng.FeatureWrapper)[pri:0, instance:Runners.TestRunner@31610302]" name="runScenario" duration-ms="37720" started-at="2022-01-11T22:20:29 IST" description="Runs Cucumber Scenarios" data-provider="scenarios" finished-at="2022-01-11T22:21:07 IST">
          <params>
            <param index="0">
              <value>
                <![CDATA["Do Cart without authorisation"]]>
              </value>
            </param>
            <param index="1">
              <value>
                <![CDATA["Optional[Order page tests]"]]>
              </value>
            </param>
          </params>
          <reporter-output>
          </reporter-output>
        </test-method> <!-- runScenario -->
        <test-method status="PASS" signature="tearDownClass()[pri:0, instance:Runners.TestRunner@31610302]" name="tearDownClass" is-config="true" duration-ms="96" started-at="2022-01-11T22:21:07 IST" finished-at="2022-01-11T22:21:07 IST">
          <reporter-output>
          </reporter-output>
        </test-method> <!-- tearDownClass -->
        <test-method status="PASS" signature="afterSuite()[pri:0, instance:Runners.TestRunner@31610302]" name="afterSuite" is-config="true" duration-ms="1" started-at="2022-01-11T22:21:07 IST" finished-at="2022-01-11T22:21:07 IST">
          <reporter-output>
          </reporter-output>
        </test-method> <!-- afterSuite -->
      </class> <!-- Runners.TestRunner -->
    </test> <!-- Surefire test -->
  </suite> <!-- Surefire suite -->
</testng-results>
